  linked.c
C:\Users\Josep Bello\OneDrive - URV\GEI\Segon\ED\PR1\DoubleLinkedList\linked.h(3,2): error C2061:  error de sintaxis: identificador 'Node_t'
C:\Users\Josep Bello\OneDrive - URV\GEI\Segon\ED\PR1\DoubleLinkedList\linked.h(4,9): error C2061:  error de sintaxis: identificador 'last'
C:\Users\Josep Bello\OneDrive - URV\GEI\Segon\ED\PR1\DoubleLinkedList\linked.h(4,9): error C2059:  error de sintaxis: ';'
C:\Users\Josep Bello\OneDrive - URV\GEI\Segon\ED\PR1\DoubleLinkedList\linked.h(5,1): error C2059:  error de sintaxis: '}'
C:\Users\Josep Bello\OneDrive - URV\GEI\Segon\ED\PR1\DoubleLinkedList\linked.h(9,2): error C2061:  error de sintaxis: identificador 'Node_t'
C:\Users\Josep Bello\OneDrive - URV\GEI\Segon\ED\PR1\DoubleLinkedList\linked.h(10,1): error C2059:  error de sintaxis: '}'
C:\Users\Josep Bello\OneDrive - URV\GEI\Segon\ED\PR1\DoubleLinkedList\linked.h(12,35): error C2143:  error de sintaxis: falta ')' delante de '*'
C:\Users\Josep Bello\OneDrive - URV\GEI\Segon\ED\PR1\DoubleLinkedList\linked.h(12,35): error C2143:  error de sintaxis: falta '{' delante de '*'
C:\Users\Josep Bello\OneDrive - URV\GEI\Segon\ED\PR1\DoubleLinkedList\linked.h(12,39): error C2059:  error de sintaxis: ')'
C:\Users\Josep Bello\OneDrive - URV\GEI\Segon\ED\PR1\DoubleLinkedList\linked.h(13,38): error C2143:  error de sintaxis: falta ')' delante de '*'
C:\Users\Josep Bello\OneDrive - URV\GEI\Segon\ED\PR1\DoubleLinkedList\linked.h(13,38): error C2143:  error de sintaxis: falta '{' delante de '*'
C:\Users\Josep Bello\OneDrive - URV\GEI\Segon\ED\PR1\DoubleLinkedList\linked.h(13,42): error C2059:  error de sintaxis: ')'
C:\Users\Josep Bello\OneDrive - URV\GEI\Segon\ED\PR1\DoubleLinkedList\linked.h(14,38): error C2143:  error de sintaxis: falta ')' delante de '*'
C:\Users\Josep Bello\OneDrive - URV\GEI\Segon\ED\PR1\DoubleLinkedList\linked.h(14,38): error C2143:  error de sintaxis: falta '{' delante de '*'
C:\Users\Josep Bello\OneDrive - URV\GEI\Segon\ED\PR1\DoubleLinkedList\linked.h(14,42): error C2059:  error de sintaxis: ')'
C:\Users\Josep Bello\OneDrive - URV\GEI\Segon\ED\PR1\DoubleLinkedList\linked.h(15,35): error C2143:  error de sintaxis: falta ')' delante de '*'
C:\Users\Josep Bello\OneDrive - URV\GEI\Segon\ED\PR1\DoubleLinkedList\linked.h(15,35): error C2143:  error de sintaxis: falta '{' delante de '*'
C:\Users\Josep Bello\OneDrive - URV\GEI\Segon\ED\PR1\DoubleLinkedList\linked.h(15,39): error C2059:  error de sintaxis: ')'
C:\Users\Josep Bello\OneDrive - URV\GEI\Segon\ED\PR1\DoubleLinkedList\linked.h(16,37): error C2143:  error de sintaxis: falta ')' delante de '*'
C:\Users\Josep Bello\OneDrive - URV\GEI\Segon\ED\PR1\DoubleLinkedList\linked.h(16,37): error C2143:  error de sintaxis: falta '{' delante de '*'
C:\Users\Josep Bello\OneDrive - URV\GEI\Segon\ED\PR1\DoubleLinkedList\linked.h(16,41): error C2059:  error de sintaxis: ')'
C:\Users\Josep Bello\OneDrive - URV\GEI\Segon\ED\PR1\DoubleLinkedList\linked.h(17,40): error C2143:  error de sintaxis: falta ')' delante de '*'
C:\Users\Josep Bello\OneDrive - URV\GEI\Segon\ED\PR1\DoubleLinkedList\linked.h(17,40): error C2143:  error de sintaxis: falta '{' delante de '*'
C:\Users\Josep Bello\OneDrive - URV\GEI\Segon\ED\PR1\DoubleLinkedList\linked.h(17,44): error C2059:  error de sintaxis: ')'
C:\Users\Josep Bello\OneDrive - URV\GEI\Segon\ED\PR1\DoubleLinkedList\linked.h(18,39): error C2146:  error de sintaxis: falta ')' delante del identificador 'll'
C:\Users\Josep Bello\OneDrive - URV\GEI\Segon\ED\PR1\DoubleLinkedList\linked.h(18,39): error C2061:  error de sintaxis: identificador 'll'
C:\Users\Josep Bello\OneDrive - URV\GEI\Segon\ED\PR1\DoubleLinkedList\linked.h(18,39): error C2059:  error de sintaxis: ';'
C:\Users\Josep Bello\OneDrive - URV\GEI\Segon\ED\PR1\DoubleLinkedList\linked.h(18,41): error C2059:  error de sintaxis: ','
C:\Users\Josep Bello\OneDrive - URV\GEI\Segon\ED\PR1\DoubleLinkedList\linked.h(18,56): error C2059:  error de sintaxis: ')'
C:\Users\Josep Bello\OneDrive - URV\GEI\Segon\ED\PR1\DoubleLinkedList\linked.h(19,37): error C2146:  error de sintaxis: falta ')' delante del identificador 'll'
C:\Users\Josep Bello\OneDrive - URV\GEI\Segon\ED\PR1\DoubleLinkedList\linked.h(19,37): error C2061:  error de sintaxis: identificador 'll'
C:\Users\Josep Bello\OneDrive - URV\GEI\Segon\ED\PR1\DoubleLinkedList\linked.h(19,37): error C2059:  error de sintaxis: ';'
C:\Users\Josep Bello\OneDrive - URV\GEI\Segon\ED\PR1\DoubleLinkedList\linked.h(19,39): error C2059:  error de sintaxis: ','
C:\Users\Josep Bello\OneDrive - URV\GEI\Segon\ED\PR1\DoubleLinkedList\linked.h(19,50): error C2059:  error de sintaxis: ')'
C:\Users\Josep Bello\OneDrive - URV\GEI\Segon\ED\PR1\DoubleLinkedList\linked.h(20,37): error C2143:  error de sintaxis: falta ')' delante de '*'
C:\Users\Josep Bello\OneDrive - URV\GEI\Segon\ED\PR1\DoubleLinkedList\linked.h(20,37): error C2143:  error de sintaxis: falta '{' delante de '*'
C:\Users\Josep Bello\OneDrive - URV\GEI\Segon\ED\PR1\DoubleLinkedList\linked.h(20,47): error C2059:  error de sintaxis: 'tipo'
C:\Users\Josep Bello\OneDrive - URV\GEI\Segon\ED\PR1\DoubleLinkedList\linked.h(20,51): error C2059:  error de sintaxis: ')'
C:\Users\Josep Bello\OneDrive - URV\GEI\Segon\ED\PR1\DoubleLinkedList\linked.h(21,38): error C2143:  error de sintaxis: falta ')' delante de '*'
C:\Users\Josep Bello\OneDrive - URV\GEI\Segon\ED\PR1\DoubleLinkedList\linked.h(21,38): error C2143:  error de sintaxis: falta '{' delante de '*'
C:\Users\Josep Bello\OneDrive - URV\GEI\Segon\ED\PR1\DoubleLinkedList\linked.h(21,42): error C2059:  error de sintaxis: ')'
C:\Users\Josep Bello\OneDrive - URV\GEI\Segon\ED\PR1\DoubleLinkedList\linked.h(22,39): error C2146:  error de sintaxis: falta ')' delante del identificador 'll'
C:\Users\Josep Bello\OneDrive - URV\GEI\Segon\ED\PR1\DoubleLinkedList\linked.h(22,39): error C2061:  error de sintaxis: identificador 'll'
C:\Users\Josep Bello\OneDrive - URV\GEI\Segon\ED\PR1\DoubleLinkedList\linked.h(22,39): error C2059:  error de sintaxis: ';'
C:\Users\Josep Bello\OneDrive - URV\GEI\Segon\ED\PR1\DoubleLinkedList\linked.h(22,41): error C2059:  error de sintaxis: ','
C:\Users\Josep Bello\OneDrive - URV\GEI\Segon\ED\PR1\DoubleLinkedList\linked.h(22,51): error C2059:  error de sintaxis: ')'
C:\Users\Josep Bello\OneDrive - URV\GEI\Segon\ED\PR1\DoubleLinkedList\linked.h(23,37): error C2146:  error de sintaxis: falta ')' delante del identificador 'll'
C:\Users\Josep Bello\OneDrive - URV\GEI\Segon\ED\PR1\DoubleLinkedList\linked.h(23,37): error C2061:  error de sintaxis: identificador 'll'
C:\Users\Josep Bello\OneDrive - URV\GEI\Segon\ED\PR1\DoubleLinkedList\linked.h(23,37): error C2059:  error de sintaxis: ';'
C:\Users\Josep Bello\OneDrive - URV\GEI\Segon\ED\PR1\DoubleLinkedList\linked.h(23,39): error C2059:  error de sintaxis: ','
C:\Users\Josep Bello\OneDrive - URV\GEI\Segon\ED\PR1\DoubleLinkedList\linked.h(23,63): error C2059:  error de sintaxis: ')'
C:\Users\Josep Bello\OneDrive - URV\GEI\Segon\ED\PR1\DoubleLinkedList\linked.h(24,42): error C2146:  error de sintaxis: falta ')' delante del identificador 'll'
C:\Users\Josep Bello\OneDrive - URV\GEI\Segon\ED\PR1\DoubleLinkedList\linked.h(24,42): error C2061:  error de sintaxis: identificador 'll'
C:\Users\Josep Bello\OneDrive - URV\GEI\Segon\ED\PR1\DoubleLinkedList\linked.h(24,42): error C2059:  error de sintaxis: ';'
C:\Users\Josep Bello\OneDrive - URV\GEI\Segon\ED\PR1\DoubleLinkedList\linked.h(24,44): error C2059:  error de sintaxis: ','
C:\Users\Josep Bello\OneDrive - URV\GEI\Segon\ED\PR1\DoubleLinkedList\linked.h(24,65): error C2059:  error de sintaxis: ')'
C:\Users\Josep Bello\OneDrive - URV\GEI\Segon\ED\PR1\DoubleLinkedList\linked.c(6,28): error C2143:  error de sintaxis: falta ')' delante de '*'
C:\Users\Josep Bello\OneDrive - URV\GEI\Segon\ED\PR1\DoubleLinkedList\linked.c(6,28): error C2143:  error de sintaxis: falta '{' delante de '*'
C:\Users\Josep Bello\OneDrive - URV\GEI\Segon\ED\PR1\DoubleLinkedList\linked.c(6,32): error C2059:  error de sintaxis: ')'
C:\Users\Josep Bello\OneDrive - URV\GEI\Segon\ED\PR1\DoubleLinkedList\linked.c(6,34): error C2054:  se esperaba '(' a continuación de 'll'
C:\Users\Josep Bello\OneDrive - URV\GEI\Segon\ED\PR1\DoubleLinkedList\linked.c(10,31): error C2143:  error de sintaxis: falta ')' delante de '*'
C:\Users\Josep Bello\OneDrive - URV\GEI\Segon\ED\PR1\DoubleLinkedList\linked.c(10,31): error C2143:  error de sintaxis: falta '{' delante de '*'
C:\Users\Josep Bello\OneDrive - URV\GEI\Segon\ED\PR1\DoubleLinkedList\linked.c(10,35): error C2059:  error de sintaxis: ')'
C:\Users\Josep Bello\OneDrive - URV\GEI\Segon\ED\PR1\DoubleLinkedList\linked.c(10,37): error C2054:  se esperaba '(' a continuación de 'll'
C:\Users\Josep Bello\OneDrive - URV\GEI\Segon\ED\PR1\DoubleLinkedList\linked.c(14,31): error C2143:  error de sintaxis: falta ')' delante de '*'
C:\Users\Josep Bello\OneDrive - URV\GEI\Segon\ED\PR1\DoubleLinkedList\linked.c(14,31): error C2143:  error de sintaxis: falta '{' delante de '*'
C:\Users\Josep Bello\OneDrive - URV\GEI\Segon\ED\PR1\DoubleLinkedList\linked.c(14,35): error C2059:  error de sintaxis: ')'
C:\Users\Josep Bello\OneDrive - URV\GEI\Segon\ED\PR1\DoubleLinkedList\linked.c(14,37): error C2054:  se esperaba '(' a continuación de 'll'
C:\Users\Josep Bello\OneDrive - URV\GEI\Segon\ED\PR1\DoubleLinkedList\linked.c(18,28): error C2143:  error de sintaxis: falta ')' delante de '*'
C:\Users\Josep Bello\OneDrive - URV\GEI\Segon\ED\PR1\DoubleLinkedList\linked.c(18,28): error C2143:  error de sintaxis: falta '{' delante de '*'
C:\Users\Josep Bello\OneDrive - URV\GEI\Segon\ED\PR1\DoubleLinkedList\linked.c(18,32): error C2059:  error de sintaxis: ')'
C:\Users\Josep Bello\OneDrive - URV\GEI\Segon\ED\PR1\DoubleLinkedList\linked.c(18,34): error C2054:  se esperaba '(' a continuación de 'll'
C:\Users\Josep Bello\OneDrive - URV\GEI\Segon\ED\PR1\DoubleLinkedList\linked.c(22,30): error C2143:  error de sintaxis: falta ')' delante de '*'
C:\Users\Josep Bello\OneDrive - URV\GEI\Segon\ED\PR1\DoubleLinkedList\linked.c(22,30): error C2143:  error de sintaxis: falta '{' delante de '*'
C:\Users\Josep Bello\OneDrive - URV\GEI\Segon\ED\PR1\DoubleLinkedList\linked.c(22,34): error C2059:  error de sintaxis: ')'
C:\Users\Josep Bello\OneDrive - URV\GEI\Segon\ED\PR1\DoubleLinkedList\linked.c(22,36): error C2054:  se esperaba '(' a continuación de 'll'
C:\Users\Josep Bello\OneDrive - URV\GEI\Segon\ED\PR1\DoubleLinkedList\linked.c(26,33): error C2143:  error de sintaxis: falta ')' delante de '*'
C:\Users\Josep Bello\OneDrive - URV\GEI\Segon\ED\PR1\DoubleLinkedList\linked.c(26,33): error C2143:  error de sintaxis: falta '{' delante de '*'
C:\Users\Josep Bello\OneDrive - URV\GEI\Segon\ED\PR1\DoubleLinkedList\linked.c(26,37): error C2059:  error de sintaxis: ')'
C:\Users\Josep Bello\OneDrive - URV\GEI\Segon\ED\PR1\DoubleLinkedList\linked.c(26,39): error C2054:  se esperaba '(' a continuación de 'll'
C:\Users\Josep Bello\OneDrive - URV\GEI\Segon\ED\PR1\DoubleLinkedList\linked.c(30,32): error C2146:  error de sintaxis: falta ')' delante del identificador 'll'
C:\Users\Josep Bello\OneDrive - URV\GEI\Segon\ED\PR1\DoubleLinkedList\linked.c(30,32): error C2061:  error de sintaxis: identificador 'll'
C:\Users\Josep Bello\OneDrive - URV\GEI\Segon\ED\PR1\DoubleLinkedList\linked.c(30,32): error C2059:  error de sintaxis: ';'
C:\Users\Josep Bello\OneDrive - URV\GEI\Segon\ED\PR1\DoubleLinkedList\linked.c(30,34): error C2059:  error de sintaxis: ','
C:\Users\Josep Bello\OneDrive - URV\GEI\Segon\ED\PR1\DoubleLinkedList\linked.c(30,49): error C2059:  error de sintaxis: ')'
C:\Users\Josep Bello\OneDrive - URV\GEI\Segon\ED\PR1\DoubleLinkedList\linked.c(34,30): error C2146:  error de sintaxis: falta ')' delante del identificador 'll'
C:\Users\Josep Bello\OneDrive - URV\GEI\Segon\ED\PR1\DoubleLinkedList\linked.c(34,30): error C2061:  error de sintaxis: identificador 'll'
C:\Users\Josep Bello\OneDrive - URV\GEI\Segon\ED\PR1\DoubleLinkedList\linked.c(34,30): error C2059:  error de sintaxis: ';'
C:\Users\Josep Bello\OneDrive - URV\GEI\Segon\ED\PR1\DoubleLinkedList\linked.c(34,32): error C2059:  error de sintaxis: ','
C:\Users\Josep Bello\OneDrive - URV\GEI\Segon\ED\PR1\DoubleLinkedList\linked.c(34,43): error C2059:  error de sintaxis: ')'
C:\Users\Josep Bello\OneDrive - URV\GEI\Segon\ED\PR1\DoubleLinkedList\linked.c(37,30): error C2143:  error de sintaxis: falta ')' delante de '*'
C:\Users\Josep Bello\OneDrive - URV\GEI\Segon\ED\PR1\DoubleLinkedList\linked.c(37,30): error C2143:  error de sintaxis: falta '{' delante de '*'
C:\Users\Josep Bello\OneDrive - URV\GEI\Segon\ED\PR1\DoubleLinkedList\linked.c(37,40): error C2059:  error de sintaxis: 'tipo'
C:\Users\Josep Bello\OneDrive - URV\GEI\Segon\ED\PR1\DoubleLinkedList\linked.c(37,44): error C2059:  error de sintaxis: ')'
C:\Users\Josep Bello\OneDrive - URV\GEI\Segon\ED\PR1\DoubleLinkedList\linked.c(41,31): error C2143:  error de sintaxis: falta ')' delante de '*'
C:\Users\Josep Bello\OneDrive - URV\GEI\Segon\ED\PR1\DoubleLinkedList\linked.c(41,31): error C2143:  error de sintaxis: falta '{' delante de '*'
C:\Users\Josep Bello\OneDrive - URV\GEI\Segon\ED\PR1\DoubleLinkedList\linked.c(41,35): error C2059:  error de sintaxis: ')'
C:\Users\Josep Bello\OneDrive - URV\GEI\Segon\ED\PR1\DoubleLinkedList\linked.c(41,37): error C2054:  se esperaba '(' a continuación de 'll'
C:\Users\Josep Bello\OneDrive - URV\GEI\Segon\ED\PR1\DoubleLinkedList\linked.c(45,32): error C2146:  error de sintaxis: falta ')' delante del identificador 'll'
C:\Users\Josep Bello\OneDrive - URV\GEI\Segon\ED\PR1\DoubleLinkedList\linked.c(45,32): error C2061:  error de sintaxis: identificador 'll'
C:\Users\Josep Bello\OneDrive - URV\GEI\Segon\ED\PR1\DoubleLinkedList\linked.c(45,32): error C2059:  error de sintaxis: ';'
  test_linked.c
C:\Users\Josep Bello\OneDrive - URV\GEI\Segon\ED\PR1\DoubleLinkedList\linked.c(45,32): error C1003:  el recuento de errores supera 100; se detiene la compilación
C:\Users\Josep Bello\OneDrive - URV\GEI\Segon\ED\PR1\DoubleLinkedList\linked.h(3,2): error C2061:  error de sintaxis: identificador 'Node_t'
C:\Users\Josep Bello\OneDrive - URV\GEI\Segon\ED\PR1\DoubleLinkedList\linked.h(4,9): error C2061:  error de sintaxis: identificador 'last'
C:\Users\Josep Bello\OneDrive - URV\GEI\Segon\ED\PR1\DoubleLinkedList\linked.h(4,9): error C2059:  error de sintaxis: ';'
C:\Users\Josep Bello\OneDrive - URV\GEI\Segon\ED\PR1\DoubleLinkedList\linked.h(5,1): error C2059:  error de sintaxis: '}'
C:\Users\Josep Bello\OneDrive - URV\GEI\Segon\ED\PR1\DoubleLinkedList\linked.h(9,2): error C2061:  error de sintaxis: identificador 'Node_t'
C:\Users\Josep Bello\OneDrive - URV\GEI\Segon\ED\PR1\DoubleLinkedList\linked.h(10,1): error C2059:  error de sintaxis: '}'
C:\Users\Josep Bello\OneDrive - URV\GEI\Segon\ED\PR1\DoubleLinkedList\linked.h(12,35): error C2143:  error de sintaxis: falta ')' delante de '*'
C:\Users\Josep Bello\OneDrive - URV\GEI\Segon\ED\PR1\DoubleLinkedList\linked.h(12,35): error C2143:  error de sintaxis: falta '{' delante de '*'
C:\Users\Josep Bello\OneDrive - URV\GEI\Segon\ED\PR1\DoubleLinkedList\linked.h(12,39): error C2059:  error de sintaxis: ')'
C:\Users\Josep Bello\OneDrive - URV\GEI\Segon\ED\PR1\DoubleLinkedList\linked.h(13,38): error C2143:  error de sintaxis: falta ')' delante de '*'
C:\Users\Josep Bello\OneDrive - URV\GEI\Segon\ED\PR1\DoubleLinkedList\linked.h(13,38): error C2143:  error de sintaxis: falta '{' delante de '*'
C:\Users\Josep Bello\OneDrive - URV\GEI\Segon\ED\PR1\DoubleLinkedList\linked.h(13,42): error C2059:  error de sintaxis: ')'
C:\Users\Josep Bello\OneDrive - URV\GEI\Segon\ED\PR1\DoubleLinkedList\linked.h(14,38): error C2143:  error de sintaxis: falta ')' delante de '*'
C:\Users\Josep Bello\OneDrive - URV\GEI\Segon\ED\PR1\DoubleLinkedList\linked.h(14,38): error C2143:  error de sintaxis: falta '{' delante de '*'
C:\Users\Josep Bello\OneDrive - URV\GEI\Segon\ED\PR1\DoubleLinkedList\linked.h(14,42): error C2059:  error de sintaxis: ')'
C:\Users\Josep Bello\OneDrive - URV\GEI\Segon\ED\PR1\DoubleLinkedList\linked.h(15,35): error C2143:  error de sintaxis: falta ')' delante de '*'
C:\Users\Josep Bello\OneDrive - URV\GEI\Segon\ED\PR1\DoubleLinkedList\linked.h(15,35): error C2143:  error de sintaxis: falta '{' delante de '*'
C:\Users\Josep Bello\OneDrive - URV\GEI\Segon\ED\PR1\DoubleLinkedList\linked.h(15,39): error C2059:  error de sintaxis: ')'
C:\Users\Josep Bello\OneDrive - URV\GEI\Segon\ED\PR1\DoubleLinkedList\linked.h(16,37): error C2143:  error de sintaxis: falta ')' delante de '*'
C:\Users\Josep Bello\OneDrive - URV\GEI\Segon\ED\PR1\DoubleLinkedList\linked.h(16,37): error C2143:  error de sintaxis: falta '{' delante de '*'
C:\Users\Josep Bello\OneDrive - URV\GEI\Segon\ED\PR1\DoubleLinkedList\linked.h(16,41): error C2059:  error de sintaxis: ')'
C:\Users\Josep Bello\OneDrive - URV\GEI\Segon\ED\PR1\DoubleLinkedList\linked.h(17,40): error C2143:  error de sintaxis: falta ')' delante de '*'
C:\Users\Josep Bello\OneDrive - URV\GEI\Segon\ED\PR1\DoubleLinkedList\linked.h(17,40): error C2143:  error de sintaxis: falta '{' delante de '*'
C:\Users\Josep Bello\OneDrive - URV\GEI\Segon\ED\PR1\DoubleLinkedList\linked.h(17,44): error C2059:  error de sintaxis: ')'
C:\Users\Josep Bello\OneDrive - URV\GEI\Segon\ED\PR1\DoubleLinkedList\linked.h(18,39): error C2146:  error de sintaxis: falta ')' delante del identificador 'll'
C:\Users\Josep Bello\OneDrive - URV\GEI\Segon\ED\PR1\DoubleLinkedList\linked.h(18,39): error C2061:  error de sintaxis: identificador 'll'
C:\Users\Josep Bello\OneDrive - URV\GEI\Segon\ED\PR1\DoubleLinkedList\linked.h(18,39): error C2059:  error de sintaxis: ';'
C:\Users\Josep Bello\OneDrive - URV\GEI\Segon\ED\PR1\DoubleLinkedList\linked.h(18,41): error C2059:  error de sintaxis: ','
C:\Users\Josep Bello\OneDrive - URV\GEI\Segon\ED\PR1\DoubleLinkedList\linked.h(18,56): error C2059:  error de sintaxis: ')'
C:\Users\Josep Bello\OneDrive - URV\GEI\Segon\ED\PR1\DoubleLinkedList\linked.h(19,37): error C2146:  error de sintaxis: falta ')' delante del identificador 'll'
C:\Users\Josep Bello\OneDrive - URV\GEI\Segon\ED\PR1\DoubleLinkedList\linked.h(19,37): error C2061:  error de sintaxis: identificador 'll'
C:\Users\Josep Bello\OneDrive - URV\GEI\Segon\ED\PR1\DoubleLinkedList\linked.h(19,37): error C2059:  error de sintaxis: ';'
C:\Users\Josep Bello\OneDrive - URV\GEI\Segon\ED\PR1\DoubleLinkedList\linked.h(19,39): error C2059:  error de sintaxis: ','
C:\Users\Josep Bello\OneDrive - URV\GEI\Segon\ED\PR1\DoubleLinkedList\linked.h(19,50): error C2059:  error de sintaxis: ')'
C:\Users\Josep Bello\OneDrive - URV\GEI\Segon\ED\PR1\DoubleLinkedList\linked.h(20,37): error C2143:  error de sintaxis: falta ')' delante de '*'
C:\Users\Josep Bello\OneDrive - URV\GEI\Segon\ED\PR1\DoubleLinkedList\linked.h(20,37): error C2143:  error de sintaxis: falta '{' delante de '*'
C:\Users\Josep Bello\OneDrive - URV\GEI\Segon\ED\PR1\DoubleLinkedList\linked.h(20,47): error C2059:  error de sintaxis: 'tipo'
C:\Users\Josep Bello\OneDrive - URV\GEI\Segon\ED\PR1\DoubleLinkedList\linked.h(20,51): error C2059:  error de sintaxis: ')'
C:\Users\Josep Bello\OneDrive - URV\GEI\Segon\ED\PR1\DoubleLinkedList\linked.h(21,38): error C2143:  error de sintaxis: falta ')' delante de '*'
C:\Users\Josep Bello\OneDrive - URV\GEI\Segon\ED\PR1\DoubleLinkedList\linked.h(21,38): error C2143:  error de sintaxis: falta '{' delante de '*'
C:\Users\Josep Bello\OneDrive - URV\GEI\Segon\ED\PR1\DoubleLinkedList\linked.h(21,42): error C2059:  error de sintaxis: ')'
C:\Users\Josep Bello\OneDrive - URV\GEI\Segon\ED\PR1\DoubleLinkedList\linked.h(22,39): error C2146:  error de sintaxis: falta ')' delante del identificador 'll'
C:\Users\Josep Bello\OneDrive - URV\GEI\Segon\ED\PR1\DoubleLinkedList\linked.h(22,39): error C2061:  error de sintaxis: identificador 'll'
C:\Users\Josep Bello\OneDrive - URV\GEI\Segon\ED\PR1\DoubleLinkedList\linked.h(22,39): error C2059:  error de sintaxis: ';'
C:\Users\Josep Bello\OneDrive - URV\GEI\Segon\ED\PR1\DoubleLinkedList\linked.h(22,41): error C2059:  error de sintaxis: ','
C:\Users\Josep Bello\OneDrive - URV\GEI\Segon\ED\PR1\DoubleLinkedList\linked.h(22,51): error C2059:  error de sintaxis: ')'
C:\Users\Josep Bello\OneDrive - URV\GEI\Segon\ED\PR1\DoubleLinkedList\linked.h(23,37): error C2146:  error de sintaxis: falta ')' delante del identificador 'll'
C:\Users\Josep Bello\OneDrive - URV\GEI\Segon\ED\PR1\DoubleLinkedList\linked.h(23,37): error C2061:  error de sintaxis: identificador 'll'
C:\Users\Josep Bello\OneDrive - URV\GEI\Segon\ED\PR1\DoubleLinkedList\linked.h(23,37): error C2059:  error de sintaxis: ';'
C:\Users\Josep Bello\OneDrive - URV\GEI\Segon\ED\PR1\DoubleLinkedList\linked.h(23,39): error C2059:  error de sintaxis: ','
C:\Users\Josep Bello\OneDrive - URV\GEI\Segon\ED\PR1\DoubleLinkedList\linked.h(23,63): error C2059:  error de sintaxis: ')'
C:\Users\Josep Bello\OneDrive - URV\GEI\Segon\ED\PR1\DoubleLinkedList\linked.h(24,42): error C2146:  error de sintaxis: falta ')' delante del identificador 'll'
C:\Users\Josep Bello\OneDrive - URV\GEI\Segon\ED\PR1\DoubleLinkedList\linked.h(24,42): error C2061:  error de sintaxis: identificador 'll'
C:\Users\Josep Bello\OneDrive - URV\GEI\Segon\ED\PR1\DoubleLinkedList\linked.h(24,42): error C2059:  error de sintaxis: ';'
C:\Users\Josep Bello\OneDrive - URV\GEI\Segon\ED\PR1\DoubleLinkedList\linked.h(24,44): error C2059:  error de sintaxis: ','
  Generando código...
C:\Users\Josep Bello\OneDrive - URV\GEI\Segon\ED\PR1\DoubleLinkedList\linked.h(24,65): error C2059:  error de sintaxis: ')'
