d:\uni\onedrive - urv\gei\segon\2n q\ed\pr1\doublelinkedlist\debug\vc142.pdb
d:\uni\onedrive - urv\gei\segon\2n q\ed\pr1\doublelinkedlist\debug\vc142.idb
d:\uni\onedrive - urv\gei\segon\2n q\ed\pr1\doublelinkedlist\debug\test_linked.nativecodeanalysis.sarif
d:\uni\onedrive - urv\gei\segon\2n q\ed\pr1\doublelinkedlist\debug\test_linked.nativecodeanalysis.xml
d:\uni\onedrive - urv\gei\segon\2n q\ed\pr1\doublelinkedlist\debug\random.nativecodeanalysis.sarif
d:\uni\onedrive - urv\gei\segon\2n q\ed\pr1\doublelinkedlist\debug\random.nativecodeanalysis.xml
d:\uni\onedrive - urv\gei\segon\2n q\ed\pr1\doublelinkedlist\debug\linked_list.nativecodeanalysis.sarif
d:\uni\onedrive - urv\gei\segon\2n q\ed\pr1\doublelinkedlist\debug\linked_list.nativecodeanalysis.xml
d:\uni\onedrive - urv\gei\segon\2n q\ed\pr1\doublelinkedlist\debug\linked_list.obj
d:\uni\onedrive - urv\gei\segon\2n q\ed\pr1\doublelinkedlist\debug\random.obj
d:\uni\onedrive - urv\gei\segon\2n q\ed\pr1\doublelinkedlist\debug\test_linked.obj
d:\uni\onedrive - urv\gei\segon\2n q\ed\pr1\doublelinkedlist\debug\doublelinkedlist.ilk
d:\uni\onedrive - urv\gei\segon\2n q\ed\pr1\doublelinkedlist\debug\doublelinkedlist.exe
d:\uni\onedrive - urv\gei\segon\2n q\ed\pr1\doublelinkedlist\debug\doublelinkedlist.pdb
d:\uni\onedrive - urv\gei\segon\2n q\ed\pr1\doublelinkedlist\debug\vc.nativecodeanalysis.all.xml
d:\uni\onedrive - urv\gei\segon\2n q\ed\pr1\doublelinkedlist\debug\doublelinkedlist.tlog\cl.command.1.tlog
d:\uni\onedrive - urv\gei\segon\2n q\ed\pr1\doublelinkedlist\debug\doublelinkedlist.tlog\cl.read.1.tlog
d:\uni\onedrive - urv\gei\segon\2n q\ed\pr1\doublelinkedlist\debug\doublelinkedlist.tlog\cl.write.1.tlog
d:\uni\onedrive - urv\gei\segon\2n q\ed\pr1\doublelinkedlist\debug\doublelinkedlist.tlog\link.command.1.tlog
d:\uni\onedrive - urv\gei\segon\2n q\ed\pr1\doublelinkedlist\debug\doublelinkedlist.tlog\link.read.1.tlog
d:\uni\onedrive - urv\gei\segon\2n q\ed\pr1\doublelinkedlist\debug\doublelinkedlist.tlog\link.write.1.tlog
