  random.c
D:\Uni\OneDrive - URV\GEI\Segon\2n Q\ED\PR1\SkipList\random.c(445,45): warning C4244: '=': conversión de 'double' a 'float'; posible pérdida de datos
D:\Uni\OneDrive - URV\GEI\Segon\2n Q\ED\PR1\SkipList\random.c(446,23): warning C4244: '=': conversión de 'double' a 'float'; posible pérdida de datos
D:\Uni\OneDrive - URV\GEI\Segon\2n Q\ED\PR1\SkipList\random.c(454,30): warning C4244: '=': conversión de 'double' a 'float'; posible pérdida de datos
D:\Uni\OneDrive - URV\GEI\Segon\2n Q\ED\PR1\SkipList\random.c(456,15): warning C4305: '=': truncamiento de 'double' a 'float'
D:\Uni\OneDrive - URV\GEI\Segon\2n Q\ED\PR1\SkipList\random.c(459,17): warning C4244: '=': conversión de 'double' a 'float'; posible pérdida de datos
D:\Uni\OneDrive - URV\GEI\Segon\2n Q\ED\PR1\SkipList\random.c(461,23): warning C4244: '=': conversión de 'double' a 'float'; posible pérdida de datos
D:\Uni\OneDrive - URV\GEI\Segon\2n Q\ED\PR1\SkipList\random.c(462,26): warning C4244: '=': conversión de 'double' a 'float'; posible pérdida de datos
D:\Uni\OneDrive - URV\GEI\Segon\2n Q\ED\PR1\SkipList\random.c(471,15): warning C4244: '=': conversión de 'double' a 'float'; posible pérdida de datos
D:\Uni\OneDrive - URV\GEI\Segon\2n Q\ED\PR1\SkipList\random.c(497,17): warning C4244: '=': conversión de 'double' a 'float'; posible pérdida de datos
D:\Uni\OneDrive - URV\GEI\Segon\2n Q\ED\PR1\SkipList\random.c(498,20): warning C4244: '=': conversión de 'double' a 'float'; posible pérdida de datos
D:\Uni\OneDrive - URV\GEI\Segon\2n Q\ED\PR1\SkipList\random.c(499,59): warning C4244: '=': conversión de 'double' a 'float'; posible pérdida de datos
D:\Uni\OneDrive - URV\GEI\Segon\2n Q\ED\PR1\SkipList\random.c(500,33): warning C4244: '=': conversión de 'double' a 'float'; posible pérdida de datos
D:\Uni\OneDrive - URV\GEI\Segon\2n Q\ED\PR1\SkipList\random.c(520,23): warning C4244: '=': conversión de 'double' a 'float'; posible pérdida de datos
D:\Uni\OneDrive - URV\GEI\Segon\2n Q\ED\PR1\SkipList\random.c(522,30): warning C4244: '=': conversión de 'double' a 'float'; posible pérdida de datos
D:\Uni\OneDrive - URV\GEI\Segon\2n Q\ED\PR1\SkipList\random.c(524,15): warning C4305: '=': truncamiento de 'double' a 'float'
D:\Uni\OneDrive - URV\GEI\Segon\2n Q\ED\PR1\SkipList\random.c(527,17): warning C4244: '=': conversión de 'double' a 'float'; posible pérdida de datos
D:\Uni\OneDrive - URV\GEI\Segon\2n Q\ED\PR1\SkipList\random.c(537,30): warning C4244: '=': conversión de 'double' a 'float'; posible pérdida de datos
D:\Uni\OneDrive - URV\GEI\Segon\2n Q\ED\PR1\SkipList\random.c(539,15): warning C4305: '=': truncamiento de 'double' a 'float'
D:\Uni\OneDrive - URV\GEI\Segon\2n Q\ED\PR1\SkipList\random.c(542,17): warning C4244: '=': conversión de 'double' a 'float'; posible pérdida de datos
D:\Uni\OneDrive - URV\GEI\Segon\2n Q\ED\PR1\SkipList\random.c(584,35): warning C4244: 'función': conversión de 'double' a 'float'; posible pérdida de datos
D:\Uni\OneDrive - URV\GEI\Segon\2n Q\ED\PR1\SkipList\random.c(584,36): warning C4244: '=': conversión de 'double' a 'float'; posible pérdida de datos
D:\Uni\OneDrive - URV\GEI\Segon\2n Q\ED\PR1\SkipList\random.c(649,18): warning C4305: '=': truncamiento de 'double' a 'float'
D:\Uni\OneDrive - URV\GEI\Segon\2n Q\ED\PR1\SkipList\random.c(833,27): warning C4244: 'función': conversión de 'double' a 'float'; posible pérdida de datos
D:\Uni\OneDrive - URV\GEI\Segon\2n Q\ED\PR1\SkipList\random.c(833,51): warning C4244: 'función': conversión de 'double' a 'float'; posible pérdida de datos
D:\Uni\OneDrive - URV\GEI\Segon\2n Q\ED\PR1\SkipList\random.c(833,61): warning C4244: '=': conversión de 'double' a 'float'; posible pérdida de datos
D:\Uni\OneDrive - URV\GEI\Segon\2n Q\ED\PR1\SkipList\random.c(881,19): warning C4305: '=': truncamiento de 'double' a 'float'
D:\Uni\OneDrive - URV\GEI\Segon\2n Q\ED\PR1\SkipList\random.c(1138,29): warning C4244: '=': conversión de 'double' a 'float'; posible pérdida de datos
D:\Uni\OneDrive - URV\GEI\Segon\2n Q\ED\PR1\SkipList\random.c(1139,14): warning C4244: '=': conversión de 'double' a 'float'; posible pérdida de datos
D:\Uni\OneDrive - URV\GEI\Segon\2n Q\ED\PR1\SkipList\random.c(1145,12): warning C4244: '=': conversión de 'float' a 'long'; posible pérdida de datos
D:\Uni\OneDrive - URV\GEI\Segon\2n Q\ED\PR1\SkipList\random.c(1146,11): warning C4244: '=': conversión de 'long' a 'float'; posible pérdida de datos
D:\Uni\OneDrive - URV\GEI\Segon\2n Q\ED\PR1\SkipList\random.c(1148,45): warning C4244: '=': conversión de 'double' a 'float'; posible pérdida de datos
D:\Uni\OneDrive - URV\GEI\Segon\2n Q\ED\PR1\SkipList\random.c(1149,16): warning C4244: '=': conversión de 'double' a 'float'; posible pérdida de datos
D:\Uni\OneDrive - URV\GEI\Segon\2n Q\ED\PR1\SkipList\random.c(1152,29): warning C4244: '=': conversión de 'double' a 'float'; posible pérdida de datos
D:\Uni\OneDrive - URV\GEI\Segon\2n Q\ED\PR1\SkipList\random.c(1154,26): warning C4244: '=': conversión de 'double' a 'float'; posible pérdida de datos
D:\Uni\OneDrive - URV\GEI\Segon\2n Q\ED\PR1\SkipList\random.c(1156,26): warning C4244: '=': conversión de 'double' a 'float'; posible pérdida de datos
D:\Uni\OneDrive - URV\GEI\Segon\2n Q\ED\PR1\SkipList\random.c(1157,22): warning C4244: '=': conversión de 'double' a 'float'; posible pérdida de datos
D:\Uni\OneDrive - URV\GEI\Segon\2n Q\ED\PR1\SkipList\random.c(1170,19): warning C4244: '=': conversión de 'float' a 'long'; posible pérdida de datos
D:\Uni\OneDrive - URV\GEI\Segon\2n Q\ED\PR1\SkipList\random.c(1178,29): warning C4244: '=': conversión de 'double' a 'float'; posible pérdida de datos
D:\Uni\OneDrive - URV\GEI\Segon\2n Q\ED\PR1\SkipList\random.c(1180,11): warning C4244: '=': conversión de 'float' a 'long'; posible pérdida de datos
D:\Uni\OneDrive - URV\GEI\Segon\2n Q\ED\PR1\SkipList\random.c(1187,23): warning C4244: '=': conversión de 'double' a 'long'; posible pérdida de datos
D:\Uni\OneDrive - URV\GEI\Segon\2n Q\ED\PR1\SkipList\random.c(1195,23): warning C4244: '=': conversión de 'double' a 'long'; posible pérdida de datos
D:\Uni\OneDrive - URV\GEI\Segon\2n Q\ED\PR1\SkipList\random.c(1228,64): warning C4244: '=': conversión de 'double' a 'float'; posible pérdida de datos
D:\Uni\OneDrive - URV\GEI\Segon\2n Q\ED\PR1\SkipList\random.c(1229,30): warning C4244: '=': conversión de 'double' a 'float'; posible pérdida de datos
D:\Uni\OneDrive - URV\GEI\Segon\2n Q\ED\PR1\SkipList\random.c(1230,17): warning C4244: '=': conversión de 'double' a 'float'; posible pérdida de datos
D:\Uni\OneDrive - URV\GEI\Segon\2n Q\ED\PR1\SkipList\random.c(1237,16): warning C4244: '=': conversión de 'double' a 'float'; posible pérdida de datos
D:\Uni\OneDrive - URV\GEI\Segon\2n Q\ED\PR1\SkipList\random.c(1238,16): warning C4244: '=': conversión de 'double' a 'float'; posible pérdida de datos
D:\Uni\OneDrive - URV\GEI\Segon\2n Q\ED\PR1\SkipList\random.c(1239,17): warning C4244: '=': conversión de 'double' a 'float'; posible pérdida de datos
D:\Uni\OneDrive - URV\GEI\Segon\2n Q\ED\PR1\SkipList\random.c(1240,17): warning C4244: '=': conversión de 'double' a 'float'; posible pérdida de datos
D:\Uni\OneDrive - URV\GEI\Segon\2n Q\ED\PR1\SkipList\random.c(1255,26): warning C4244: '=': conversión de 'double' a 'float'; posible pérdida de datos
D:\Uni\OneDrive - URV\GEI\Segon\2n Q\ED\PR1\SkipList\random.c(1396,17): warning C4244: '=': conversión de 'double' a 'float'; posible pérdida de datos
D:\Uni\OneDrive - URV\GEI\Segon\2n Q\ED\PR1\SkipList\random.c(1397,18): warning C4244: '=': conversión de 'double' a 'float'; posible pérdida de datos
D:\Uni\OneDrive - URV\GEI\Segon\2n Q\ED\PR1\SkipList\random.c(1433,24): warning C4244: '=': conversión de 'double' a 'float'; posible pérdida de datos
D:\Uni\OneDrive - URV\GEI\Segon\2n Q\ED\PR1\SkipList\random.c(1434,24): warning C4244: '=': conversión de 'double' a 'float'; posible pérdida de datos
D:\Uni\OneDrive - URV\GEI\Segon\2n Q\ED\PR1\SkipList\random.c(1435,19): warning C4244: '=': conversión de 'double' a 'float'; posible pérdida de datos
D:\Uni\OneDrive - URV\GEI\Segon\2n Q\ED\PR1\SkipList\random.c(1436,25): warning C4244: '=': conversión de 'double' a 'float'; posible pérdida de datos
D:\Uni\OneDrive - URV\GEI\Segon\2n Q\ED\PR1\SkipList\random.c(1437,20): warning C4244: '=': conversión de 'double' a 'float'; posible pérdida de datos
D:\Uni\OneDrive - URV\GEI\Segon\2n Q\ED\PR1\SkipList\random.c(1438,27): warning C4244: '=': conversión de 'double' a 'float'; posible pérdida de datos
D:\Uni\OneDrive - URV\GEI\Segon\2n Q\ED\PR1\SkipList\random.c(1439,31): warning C4244: '=': conversión de 'double' a 'float'; posible pérdida de datos
D:\Uni\OneDrive - URV\GEI\Segon\2n Q\ED\PR1\SkipList\random.c(1440,18): warning C4244: '=': conversión de 'double' a 'float'; posible pérdida de datos
D:\Uni\OneDrive - URV\GEI\Segon\2n Q\ED\PR1\SkipList\random.c(1461,17): warning C4244: '+=': conversión de 'double' a 'float'; posible pérdida de datos
D:\Uni\OneDrive - URV\GEI\Segon\2n Q\ED\PR1\SkipList\random.c(1462,23): warning C4244: '=': conversión de 'double' a 'float'; posible pérdida de datos
D:\Uni\OneDrive - URV\GEI\Segon\2n Q\ED\PR1\SkipList\random.c(1485,48): warning C4244: '=': conversión de 'double' a 'float'; posible pérdida de datos
D:\Uni\OneDrive - URV\GEI\Segon\2n Q\ED\PR1\SkipList\random.c(1493,25): warning C4244: '=': conversión de 'double' a 'float'; posible pérdida de datos
D:\Uni\OneDrive - URV\GEI\Segon\2n Q\ED\PR1\SkipList\random.c(1494,29): warning C4244: '-=': conversión de 'double' a 'float'; posible pérdida de datos
D:\Uni\OneDrive - URV\GEI\Segon\2n Q\ED\PR1\SkipList\random.c(1497,34): warning C4244: '=': conversión de 'double' a 'float'; posible pérdida de datos
D:\Uni\OneDrive - URV\GEI\Segon\2n Q\ED\PR1\SkipList\random.c(1502,28): warning C4244: '=': conversión de 'double' a 'float'; posible pérdida de datos
D:\Uni\OneDrive - URV\GEI\Segon\2n Q\ED\PR1\SkipList\random.c(1504,23): warning C4244: '=': conversión de 'double' a 'float'; posible pérdida de datos
D:\Uni\OneDrive - URV\GEI\Segon\2n Q\ED\PR1\SkipList\random.c(1506,17): warning C4244: '=': conversión de 'double' a 'float'; posible pérdida de datos
D:\Uni\OneDrive - URV\GEI\Segon\2n Q\ED\PR1\SkipList\random.c(1519,17): warning C4244: '=': conversión de 'double' a 'float'; posible pérdida de datos
D:\Uni\OneDrive - URV\GEI\Segon\2n Q\ED\PR1\SkipList\random.c(1374,1): warning C4305: 'inicializando': truncamiento de 'double' a 'float'
D:\Uni\OneDrive - URV\GEI\Segon\2n Q\ED\PR1\SkipList\random.c(1375,1): warning C4305: 'inicializando': truncamiento de 'double' a 'float'
D:\Uni\OneDrive - URV\GEI\Segon\2n Q\ED\PR1\SkipList\random.c(1376,1): warning C4305: 'inicializando': truncamiento de 'double' a 'float'
D:\Uni\OneDrive - URV\GEI\Segon\2n Q\ED\PR1\SkipList\random.c(1377,1): warning C4305: 'inicializando': truncamiento de 'double' a 'float'
D:\Uni\OneDrive - URV\GEI\Segon\2n Q\ED\PR1\SkipList\random.c(1378,1): warning C4305: 'inicializando': truncamiento de 'double' a 'float'
D:\Uni\OneDrive - URV\GEI\Segon\2n Q\ED\PR1\SkipList\random.c(1379,1): warning C4305: 'inicializando': truncamiento de 'double' a 'float'
D:\Uni\OneDrive - URV\GEI\Segon\2n Q\ED\PR1\SkipList\random.c(1380,1): warning C4305: 'inicializando': truncamiento de 'double' a 'float'
D:\Uni\OneDrive - URV\GEI\Segon\2n Q\ED\PR1\SkipList\random.c(1803,36): warning C4244: '=': conversión de 'double' a 'float'; posible pérdida de datos
D:\Uni\OneDrive - URV\GEI\Segon\2n Q\ED\PR1\SkipList\random.c(1842,14): warning C4244: '=': conversión de 'long' a 'float'; posible pérdida de datos
D:\Uni\OneDrive - URV\GEI\Segon\2n Q\ED\PR1\SkipList\random.c(1900,1): warning C4305: 'inicializando': truncamiento de 'double' a 'float'
D:\Uni\OneDrive - URV\GEI\Segon\2n Q\ED\PR1\SkipList\random.c(2013,15): warning C4244: '=': conversión de 'double' a 'float'; posible pérdida de datos
D:\Uni\OneDrive - URV\GEI\Segon\2n Q\ED\PR1\SkipList\random.c(2014,17): warning C4244: '=': conversión de 'double' a 'float'; posible pérdida de datos
D:\Uni\OneDrive - URV\GEI\Segon\2n Q\ED\PR1\SkipList\random.c(2015,22): warning C4244: '=': conversión de 'double' a 'float'; posible pérdida de datos
D:\Uni\OneDrive - URV\GEI\Segon\2n Q\ED\PR1\SkipList\random.c(2023,16): warning C4244: '=': conversión de 'double' a 'float'; posible pérdida de datos
D:\Uni\OneDrive - URV\GEI\Segon\2n Q\ED\PR1\SkipList\random.c(2036,15): warning C4244: '=': conversión de 'double' a 'float'; posible pérdida de datos
D:\Uni\OneDrive - URV\GEI\Segon\2n Q\ED\PR1\SkipList\random.c(2048,13): warning C4305: '=': truncamiento de 'double' a 'float'
D:\Uni\OneDrive - URV\GEI\Segon\2n Q\ED\PR1\SkipList\random.c(2050,17): warning C4244: '=': conversión de 'double' a 'float'; posible pérdida de datos
D:\Uni\OneDrive - URV\GEI\Segon\2n Q\ED\PR1\SkipList\random.c(2056,24): warning C4244: '=': conversión de 'double' a 'float'; posible pérdida de datos
D:\Uni\OneDrive - URV\GEI\Segon\2n Q\ED\PR1\SkipList\random.c(2057,22): warning C4244: '=': conversión de 'double' a 'float'; posible pérdida de datos
D:\Uni\OneDrive - URV\GEI\Segon\2n Q\ED\PR1\SkipList\random.c(2058,24): warning C4244: '=': conversión de 'double' a 'float'; posible pérdida de datos
D:\Uni\OneDrive - URV\GEI\Segon\2n Q\ED\PR1\SkipList\random.c(2064,25): warning C4244: '=': conversión de 'double' a 'float'; posible pérdida de datos
D:\Uni\OneDrive - URV\GEI\Segon\2n Q\ED\PR1\SkipList\random.c(2065,15): warning C4305: '=': truncamiento de 'double' a 'float'
D:\Uni\OneDrive - URV\GEI\Segon\2n Q\ED\PR1\SkipList\random.c(2066,32): warning C4244: '=': conversión de 'double' a 'float'; posible pérdida de datos
D:\Uni\OneDrive - URV\GEI\Segon\2n Q\ED\PR1\SkipList\random.c(2077,43): warning C4244: '=': conversión de 'double' a 'float'; posible pérdida de datos
D:\Uni\OneDrive - URV\GEI\Segon\2n Q\ED\PR1\SkipList\random.c(2080,66): warning C4244: '=': conversión de 'double' a 'float'; posible pérdida de datos
D:\Uni\OneDrive - URV\GEI\Segon\2n Q\ED\PR1\SkipList\random.c(2094,17): warning C4244: '+=': conversión de 'double' a 'float'; posible pérdida de datos
D:\Uni\OneDrive - URV\GEI\Segon\2n Q\ED\PR1\SkipList\random.c(2105,43): warning C4244: '=': conversión de 'double' a 'float'; posible pérdida de datos
D:\Uni\OneDrive - URV\GEI\Segon\2n Q\ED\PR1\SkipList\random.c(2108,66): warning C4244: '=': conversión de 'double' a 'float'; posible pérdida de datos
D:\Uni\OneDrive - URV\GEI\Segon\2n Q\ED\PR1\SkipList\random.c(2115,19): warning C4244: '=': conversión de 'double' a 'float'; posible pérdida de datos
D:\Uni\OneDrive - URV\GEI\Segon\2n Q\ED\PR1\SkipList\random.c(2124,16): warning C4244: '=': conversión de 'double' a 'float'; posible pérdida de datos
D:\Uni\OneDrive - URV\GEI\Segon\2n Q\ED\PR1\SkipList\random.c(2132,24): warning C4244: '=': conversión de 'double' a 'float'; posible pérdida de datos
D:\Uni\OneDrive - URV\GEI\Segon\2n Q\ED\PR1\SkipList\random.c(2136,28): warning C4244: '=': conversión de 'double' a 'float'; posible pérdida de datos
D:\Uni\OneDrive - URV\GEI\Segon\2n Q\ED\PR1\SkipList\random.c(2140,28): warning C4244: '=': conversión de 'double' a 'float'; posible pérdida de datos
D:\Uni\OneDrive - URV\GEI\Segon\2n Q\ED\PR1\SkipList\random.c(1984,1): warning C4305: 'inicializando': truncamiento de 'double' a 'float'
D:\Uni\OneDrive - URV\GEI\Segon\2n Q\ED\PR1\SkipList\random.c(1985,1): warning C4305: 'inicializando': truncamiento de 'double' a 'float'
D:\Uni\OneDrive - URV\GEI\Segon\2n Q\ED\PR1\SkipList\random.c(1986,1): warning C4305: 'inicializando': truncamiento de 'double' a 'float'
D:\Uni\OneDrive - URV\GEI\Segon\2n Q\ED\PR1\SkipList\random.c(1987,1): warning C4305: 'inicializando': truncamiento de 'double' a 'float'
D:\Uni\OneDrive - URV\GEI\Segon\2n Q\ED\PR1\SkipList\random.c(1988,1): warning C4305: 'inicializando': truncamiento de 'double' a 'float'
D:\Uni\OneDrive - URV\GEI\Segon\2n Q\ED\PR1\SkipList\random.c(1989,1): warning C4305: 'inicializando': truncamiento de 'double' a 'float'
D:\Uni\OneDrive - URV\GEI\Segon\2n Q\ED\PR1\SkipList\random.c(1990,1): warning C4305: 'inicializando': truncamiento de 'double' a 'float'
D:\Uni\OneDrive - URV\GEI\Segon\2n Q\ED\PR1\SkipList\random.c(1991,1): warning C4305: 'inicializando': truncamiento de 'double' a 'float'
D:\Uni\OneDrive - URV\GEI\Segon\2n Q\ED\PR1\SkipList\random.c(1992,1): warning C4305: 'inicializando': truncamiento de 'double' a 'float'
D:\Uni\OneDrive - URV\GEI\Segon\2n Q\ED\PR1\SkipList\random.c(1993,1): warning C4305: 'inicializando': truncamiento de 'double' a 'float'
D:\Uni\OneDrive - URV\GEI\Segon\2n Q\ED\PR1\SkipList\random.c(1994,1): warning C4305: 'inicializando': truncamiento de 'double' a 'float'
D:\Uni\OneDrive - URV\GEI\Segon\2n Q\ED\PR1\SkipList\random.c(1995,1): warning C4305: 'inicializando': truncamiento de 'double' a 'float'
D:\Uni\OneDrive - URV\GEI\Segon\2n Q\ED\PR1\SkipList\random.c(1996,1): warning C4305: 'inicializando': truncamiento de 'double' a 'float'
D:\Uni\OneDrive - URV\GEI\Segon\2n Q\ED\PR1\SkipList\random.c(1997,1): warning C4305: 'inicializando': truncamiento de 'double' a 'float'
D:\Uni\OneDrive - URV\GEI\Segon\2n Q\ED\PR1\SkipList\random.c(1999,1): warning C4305: 'inicializando': truncamiento de 'double' a 'float'
D:\Uni\OneDrive - URV\GEI\Segon\2n Q\ED\PR1\SkipList\random.c(2000,1): warning C4305: 'inicializando': truncamiento de 'double' a 'float'
D:\Uni\OneDrive - URV\GEI\Segon\2n Q\ED\PR1\SkipList\random.c(2001,1): warning C4305: 'inicializando': truncamiento de 'double' a 'float'
D:\Uni\OneDrive - URV\GEI\Segon\2n Q\ED\PR1\SkipList\random.c(2002,1): warning C4305: 'inicializando': truncamiento de 'double' a 'float'
D:\Uni\OneDrive - URV\GEI\Segon\2n Q\ED\PR1\SkipList\random.c(2005,1): warning C4305: 'inicializando': truncamiento de 'double' a 'float'
D:\Uni\OneDrive - URV\GEI\Segon\2n Q\ED\PR1\SkipList\random.c(2206,15): warning C4244: '=': conversión de 'double' a 'float'; posible pérdida de datos
D:\Uni\OneDrive - URV\GEI\Segon\2n Q\ED\PR1\SkipList\random.c(2232,22): warning C4244: '=': conversión de 'double' a 'float'; posible pérdida de datos
D:\Uni\OneDrive - URV\GEI\Segon\2n Q\ED\PR1\SkipList\random.c(2259,22): warning C4244: '=': conversión de 'double' a 'float'; posible pérdida de datos
D:\Uni\OneDrive - URV\GEI\Segon\2n Q\ED\PR1\SkipList\random.c(2173,1): warning C4305: 'inicializando': truncamiento de 'double' a 'float'
D:\Uni\OneDrive - URV\GEI\Segon\2n Q\ED\PR1\SkipList\random.c(2180,1): warning C4305: 'inicializando': truncamiento de 'double' a 'float'
D:\Uni\OneDrive - URV\GEI\Segon\2n Q\ED\PR1\SkipList\random.c(2186,1): warning C4305: 'inicializando': truncamiento de 'double' a 'float'
D:\Uni\OneDrive - URV\GEI\Segon\2n Q\ED\PR1\SkipList\random.c(2193,1): warning C4305: 'inicializando': truncamiento de 'double' a 'float'
D:\Uni\OneDrive - URV\GEI\Segon\2n Q\ED\PR1\SkipList\random.c(2383,37): warning C4244: '=': conversión de 'double' a 'float'; posible pérdida de datos
D:\Uni\OneDrive - URV\GEI\Segon\2n Q\ED\PR1\SkipList\random.c(2419,50): warning C4244: '+=': conversión de 'double' a 'float'; posible pérdida de datos
  skip_list.c
D:\Uni\OneDrive - URV\GEI\Segon\2n Q\ED\PR1\SkipList\skip_list.c(113,18): warning C4244: 'función': conversión de 'time_t' a 'unsigned int'; posible pérdida de datos
  test_skip.c
  Generando código...
  SkipList.vcxproj -> D:\Uni\OneDrive - URV\GEI\Segon\2n Q\ED\PR1\SkipList\Debug\SkipList.exe
